Model Name:	Ordered_Logit	
Number of individuals:	5000	
Number of observations:	20000	
Number of preliminary iterations:	5000	
Number of draws used per individual:	5000	
Random Seed:	1987	
Total iterations:	10000	
Degrees of Freedom:	5	
Number of parameters:	4	

Fixed parameters estimated:
threshold1
threshold2

Random parameters estimated (Distribution): 
Bx ( N )
By ( N )


Prior Variance-Covariance Matrix:
   Bx By
Bx  2  0
By  0  2

-----------------------------------------------------------

 Iteration Log-Likelihood       RLH Parameter RMS Avg. Variance Acceptance Rate (Fixed) Acceptance Rate (Normal)
         1     -16128.010 0.4913064     0.2789861    0.08034252                    0.00                   0.4432
       100      -7605.764 0.7336493     0.5550144    0.23848382                    0.51                   0.2852
       200      -6357.299 0.7670949     0.7477936    0.55032982                    0.54                   0.2732
       300      -5745.465 0.7865796     0.9037879    0.87346835                    0.61                   0.2876
       400      -5133.960 0.8063756     1.0573250    1.16031710                    0.67                   0.3172
       500      -4747.436 0.8200441     1.2266956    1.64477334                    0.69                   0.2936
       600      -4438.047 0.8295599     1.3161671    1.98468677                    0.59                   0.2832
       700      -4375.873 0.8325017     1.3769852    2.16148564                    0.72                   0.2958
       800      -4232.661 0.8373517     1.3931029    2.18431069                    0.66                   0.3018
       900      -4270.154 0.8362149     1.4220664    2.30052457                    0.69                   0.3004
      1000      -4159.185 0.8401159     1.4257865    2.31095617                    0.78                   0.3152
      1100      -4013.197 0.8456655     1.5110077    2.60935846                    0.73                   0.2934
      1200      -3921.788 0.8485277     1.5423557    2.79070228                    0.77                   0.3060
      1300      -3756.231 0.8544607     1.6360104    3.19200009                    0.77                   0.3016
      1400      -3747.091 0.8561222     1.6712150    3.28234156                    0.82                   0.2828
      1500      -3730.573 0.8559282     1.7128302    3.51738683                    0.76                   0.3056
      1600      -3679.268 0.8568383     1.7024658    3.44484090                    0.84                   0.3048
      1700      -3735.526 0.8561130     1.7078538    3.42810753                    0.93                   0.3064
      1800      -3646.726 0.8591209     1.7293061    3.49691709                    0.85                   0.3096
      1900      -3637.948 0.8592464     1.7459521    3.58314864                    0.83                   0.3120
      2000      -3607.638 0.8603002     1.7753573    3.82375741                    0.86                   0.2866
      2100      -3541.602 0.8628317     1.8253930    3.88613979                    0.85                   0.3042
      2200      -3579.296 0.8619202     1.7974957    3.71504847                    0.88                   0.3028
      2300      -3502.002 0.8637357     1.8448311    3.99379787                    0.86                   0.3062
      2400      -3515.515 0.8640467     1.8444959    4.08835343                    0.78                   0.2942
      2500      -3467.443 0.8663803     1.9171494    4.28638503                    0.72                   0.3018
      2600      -3439.518 0.8659658     1.8980923    4.25548907                    0.79                   0.3158
      2700      -3382.966 0.8685606     1.9149729    4.46874010                    0.82                   0.3134
      2800      -3404.713 0.8679800     1.9326427    4.52891124                    0.83                   0.3160
      2900      -3402.296 0.8682648     1.9548498    4.53484495                    0.81                   0.2804
      3000      -3373.863 0.8693889     2.0294033    5.00026361                    0.88                   0.2992
      3100      -3303.501 0.8713768     2.0409180    4.87087089                    0.85                   0.2996
      3200      -3284.675 0.8730635     2.0973048    5.25796790                    0.85                   0.2902
      3300      -3238.612 0.8745263     2.1089899    5.30378954                    0.90                   0.2844
      3400      -3255.537 0.8740384     2.1618173    5.64907372                    0.84                   0.3036
      3500      -3273.257 0.8733736     2.1004217    5.24530784                    0.78                   0.3122
      3600      -3323.199 0.8710024     2.0330332    5.00397463                    0.80                   0.2936
      3700      -3289.252 0.8717500     2.0126447    4.80601947                    0.81                   0.2872
      3800      -3355.378 0.8704548     2.0217889    5.00972350                    0.79                   0.3316
      3900      -3235.494 0.8740391     2.1403382    5.42405522                    0.86                   0.2980
      4000      -3274.730 0.8733066     2.1386607    5.51307800                    0.83                   0.2890
      4100      -3254.560 0.8735186     2.1315010    5.51079717                    0.72                   0.3028
      4200      -3279.110 0.8733462     2.0809345    5.24630287                    0.85                   0.3186
      4300      -3251.424 0.8741866     2.1032236    5.28368535                    0.79                   0.2938
      4400      -3294.707 0.8725300     2.1783708    5.70252676                    0.87                   0.2934
      4500      -3236.238 0.8739600     2.1140428    5.41219526                    0.84                   0.2964
      4600      -3215.178 0.8750659     2.0976675    5.26428603                    0.82                   0.3036
      4700      -3201.472 0.8755248     2.1253729    5.45414730                    0.85                   0.2872
      4800      -3267.621 0.8733347     2.0883188    5.30596878                    0.78                   0.2998
      4900      -3191.231 0.8754814     2.1358180    5.50021834                    0.82                   0.3094
      5000      -3173.636 0.8772264     2.1296415    5.54295943                    0.85                   0.2946
      5100      -3290.044 0.8721134     2.0807135    5.34070464                    0.81                   0.3214
      5200      -3244.607 0.8746110     2.1546546    5.66966690                    0.80                   0.2980
      5300      -3234.461 0.8746575     2.1276222    5.35378350                    0.83                   0.2984
      5400      -3209.800 0.8748716     2.1135669    5.52581602                    0.78                   0.3156
      5500      -3170.860 0.8782421     2.2533895    6.00442400                    0.74                   0.3012
      5600      -3119.779 0.8789953     2.2863238    6.34647556                    0.88                   0.3034
      5700      -3166.984 0.8777686     2.2742244    6.13854291                    0.81                   0.2998
      5800      -3053.027 0.8809925     2.3067676    6.44733524                    0.76                   0.3100
      5900      -3099.936 0.8803351     2.3571167    6.61027861                    0.78                   0.2870
      6000      -3122.698 0.8783486     2.2767280    6.29776785                    0.85                   0.3036
      6100      -3170.959 0.8772884     2.2353389    6.01812682                    0.83                   0.2916
      6200      -3092.360 0.8802841     2.2773328    6.16715685                    0.81                   0.2884
      6300      -3079.036 0.8802143     2.2328531    5.83093520                    0.83                   0.3104
      6400      -3225.815 0.8757686     2.2574857    6.11526136                    0.76                   0.2978
      6500      -3185.877 0.8768610     2.2131925    5.91271659                    0.85                   0.2846
      6600      -3137.212 0.8781450     2.2254525    5.90148132                    0.83                   0.2908
      6700      -3252.696 0.8744387     2.1730751    5.55499509                    0.83                   0.2992
      6800      -3190.399 0.8762724     2.1908897    5.71234719                    0.80                   0.2774
      6900      -3222.963 0.8746971     2.1888955    5.86468307                    0.81                   0.3270
      7000      -3171.090 0.8762406     2.1124209    5.28115285                    0.80                   0.3086
      7100      -3228.571 0.8749886     2.1016641    5.20563233                    0.77                   0.3226
      7200      -3333.370 0.8717058     2.1330246    5.47049682                    0.79                   0.2982
      7300      -3163.022 0.8771951     2.1159857    5.34094648                    0.74                   0.2956
      7400      -3236.178 0.8747470     2.1311700    5.42279573                    0.82                   0.2814
      7500      -3257.052 0.8735191     2.1488994    5.50949368                    0.79                   0.3018
      7600      -3225.854 0.8748700     2.1283000    5.47291705                    0.76                   0.3046
      7700      -3190.859 0.8758316     2.1406944    5.33913307                    0.81                   0.3074
      7800      -3235.413 0.8738140     2.1941150    5.73706367                    0.77                   0.3024
      7900      -3188.639 0.8751159     2.1094545    5.39078615                    0.78                   0.3004
      8000      -3261.864 0.8733222     2.0684003    5.04067332                    0.70                   0.2888
      8100      -3220.354 0.8750596     2.0823427    5.39382911                    0.82                   0.2972
      8200      -3215.610 0.8748059     2.0449304    4.97224828                    0.77                   0.3202
      8300      -3219.328 0.8747951     2.1283021    5.54596743                    0.73                   0.2988
      8400      -3250.347 0.8746338     2.1028715    5.32009471                    0.75                   0.2994
      8500      -3354.435 0.8706675     2.1066573    5.37946439                    0.80                   0.3038
      8600      -3356.439 0.8709796     2.0771300    5.11918914                    0.76                   0.3042
      8700      -3178.006 0.8759811     2.0771601    5.24974783                    0.72                   0.2942
      8800      -3176.165 0.8766411     2.1116388    5.51442683                    0.72                   0.3052
      8900      -3325.150 0.8721932     2.1332237    5.42045014                    0.70                   0.3006
      9000      -3328.587 0.8709097     2.0632375    5.03408507                    0.73                   0.2892
      9100      -3308.955 0.8719651     2.0405369    4.96083810                    0.79                   0.3078
      9200      -3455.249 0.8670484     1.9756146    4.63066711                    0.78                   0.3138
      9300      -3328.817 0.8700216     1.9796781    4.58158401                    0.69                   0.2952
      9400      -3414.784 0.8688901     2.0545493    4.90367429                    0.70                   0.2974
      9500      -3308.264 0.8718929     2.1019333    5.43573623                    0.69                   0.2872
      9600      -3241.315 0.8740724     2.1310739    5.52820457                    0.74                   0.2972
      9700      -3222.500 0.8753479     2.1879256    5.77351794                    0.69                   0.3006
      9800      -3310.378 0.8722172     2.1502761    5.70622755                    0.66                   0.3226
      9900      -3202.821 0.8757570     2.1840103    5.64166219                    0.64                   0.3096
     10000      -3226.385 0.8742570     2.1378958    5.49292392                    0.63                   0.2966
