Model Name:	MNL_fixed	
Number of individuals:	1138	
Number of observations:	10242	
Number of preliminary iterations:	5000	
Number of draws used per individual:	5000	
Random Seed:	1987	
Total iterations:	10000	
Degrees of Freedom:	5	
Number of parameters:	3	

Fixed parameters estimated:
ASC1
BTime
BCost




Estimated:	NULL	
----------------------------------------------------------- 
 Iteration Log-Likelihood       RLH Parameter RMS Avg. Variance Acceptance Rate (Fixed) Acceptance Rate (Normal)
         1      -7099.213 0.5000000            NA            NA                    0.00                       NA
       100      -6699.275 0.5213294            NA            NA                    0.30                       NA
       200      -6491.324 0.5331624            NA            NA                    0.29                       NA
       300      -6394.013 0.5387812            NA            NA                    0.24                       NA
       400      -6332.554 0.5423372            NA            NA                    0.27                       NA
       500      -6308.966 0.5433285            NA            NA                    0.22                       NA
       600      -6288.712 0.5447107            NA            NA                    0.27                       NA
       700      -6272.247 0.5460306            NA            NA                    0.19                       NA
       800      -6269.885 0.5460810            NA            NA                    0.23                       NA
       900      -6269.761 0.5463055            NA            NA                    0.20                       NA
      1000      -6263.513 0.5471627            NA            NA                    0.21                       NA
      1100      -6265.173 0.5470348            NA            NA                    0.24                       NA
      1200      -6263.797 0.5468086            NA            NA                    0.27                       NA
      1300      -6264.327 0.5472079            NA            NA                    0.20                       NA
      1400      -6263.324 0.5471537            NA            NA                    0.24                       NA
      1500      -6264.501 0.5472681            NA            NA                    0.17                       NA
      1600      -6263.009 0.5473002            NA            NA                    0.20                       NA
      1700      -6263.301 0.5473254            NA            NA                    0.08                       NA
      1800      -6262.826 0.5472844            NA            NA                    0.23                       NA
      1900      -6264.885 0.5470000            NA            NA                    0.31                       NA
      2000      -6264.427 0.5474860            NA            NA                    0.18                       NA
      2100      -6266.770 0.5465716            NA            NA                    0.23                       NA
      2200      -6263.363 0.5472543            NA            NA                    0.29                       NA
      2300      -6265.079 0.5471640            NA            NA                    0.21                       NA
      2400      -6263.795 0.5472776            NA            NA                    0.20                       NA
      2500      -6263.630 0.5472075            NA            NA                    0.23                       NA
      2600      -6263.762 0.5470750            NA            NA                    0.24                       NA
      2700      -6264.203 0.5467951            NA            NA                    0.34                       NA
      2800      -6262.918 0.5472277            NA            NA                    0.27                       NA
      2900      -6263.110 0.5469969            NA            NA                    0.23                       NA
      3000      -6263.063 0.5470371            NA            NA                    0.27                       NA
      3100      -6264.568 0.5474975            NA            NA                    0.22                       NA
      3200      -6264.310 0.5471389            NA            NA                    0.24                       NA
      3300      -6264.004 0.5471082            NA            NA                    0.26                       NA
      3400      -6263.150 0.5472997            NA            NA                    0.31                       NA
      3500      -6262.707 0.5471374            NA            NA                    0.24                       NA
      3600      -6263.244 0.5472995            NA            NA                    0.26                       NA
      3700      -6263.051 0.5472095            NA            NA                    0.35                       NA
      3800      -6264.036 0.5469328            NA            NA                    0.30                       NA
      3900      -6264.291 0.5475100            NA            NA                    0.24                       NA
      4000      -6264.398 0.5473641            NA            NA                    0.22                       NA
      4100      -6264.376 0.5471634            NA            NA                    0.19                       NA
      4200      -6264.554 0.5472564            NA            NA                    0.18                       NA
      4300      -6262.761 0.5471997            NA            NA                    0.20                       NA
      4400      -6262.777 0.5470968            NA            NA                    0.25                       NA
      4500      -6263.272 0.5471790            NA            NA                    0.36                       NA
      4600      -6262.776 0.5471273            NA            NA                    0.20                       NA
      4700      -6262.839 0.5470571            NA            NA                    0.29                       NA
      4800      -6263.413 0.5470273            NA            NA                    0.32                       NA
      4900      -6263.784 0.5471099            NA            NA                    0.26                       NA
      5000      -6264.788 0.5474118            NA            NA                    0.27                       NA
      5100      -6265.137 0.5475428            NA            NA                    0.34                       NA
      5200      -6263.862 0.5472466            NA            NA                    0.33                       NA
      5300      -6263.534 0.5470285            NA            NA                    0.19                       NA
      5400      -6263.581 0.5468587            NA            NA                    0.27                       NA
      5500      -6263.271 0.5469140            NA            NA                    0.25                       NA
      5600      -6263.294 0.5469198            NA            NA                    0.31                       NA
      5700      -6264.206 0.5468410            NA            NA                    0.31                       NA
      5800      -6264.447 0.5471113            NA            NA                    0.19                       NA
      5900      -6266.182 0.5468752            NA            NA                    0.26                       NA
      6000      -6273.071 0.5458557            NA            NA                    0.35                       NA
      6100      -6268.444 0.5468370            NA            NA                    0.28                       NA
      6200      -6265.716 0.5467145            NA            NA                    0.36                       NA
      6300      -6265.378 0.5467247            NA            NA                    0.37                       NA
      6400      -6266.420 0.5465920            NA            NA                    0.30                       NA
      6500      -6265.795 0.5465699            NA            NA                    0.32                       NA
      6600      -6264.283 0.5470154            NA            NA                    0.33                       NA
      6700      -6264.308 0.5468627            NA            NA                    0.26                       NA
      6800      -6264.076 0.5468444            NA            NA                    0.24                       NA
      6900      -6262.999 0.5471176            NA            NA                    0.22                       NA
      7000      -6266.399 0.5472732            NA            NA                    0.19                       NA
      7100      -6263.818 0.5469531            NA            NA                    0.22                       NA
      7200      -6265.131 0.5470497            NA            NA                    0.29                       NA
      7300      -6263.475 0.5471455            NA            NA                    0.24                       NA
      7400      -6264.570 0.5467975            NA            NA                    0.38                       NA
      7500      -6267.090 0.5468419            NA            NA                    0.34                       NA
      7600      -6264.118 0.5470759            NA            NA                    0.29                       NA
      7700      -6263.784 0.5468659            NA            NA                    0.36                       NA
      7800      -6263.321 0.5473565            NA            NA                    0.45                       NA
      7900      -6263.072 0.5473650            NA            NA                    0.26                       NA
      8000      -6262.894 0.5470299            NA            NA                    0.31                       NA
      8100      -6263.177 0.5469683            NA            NA                    0.27                       NA
      8200      -6264.303 0.5470550            NA            NA                    0.34                       NA
      8300      -6264.214 0.5467610            NA            NA                    0.25                       NA
      8400      -6264.682 0.5469866            NA            NA                    0.32                       NA
      8500      -6266.522 0.5472478            NA            NA                    0.33                       NA
      8600      -6263.774 0.5472522            NA            NA                    0.30                       NA
      8700      -6264.313 0.5468737            NA            NA                    0.38                       NA
      8800      -6266.050 0.5466614            NA            NA                    0.33                       NA
      8900      -6262.947 0.5471072            NA            NA                    0.25                       NA
      9000      -6263.358 0.5469197            NA            NA                    0.31                       NA
      9100      -6263.361 0.5470463            NA            NA                    0.31                       NA
      9200      -6263.457 0.5473226            NA            NA                    0.24                       NA
      9300      -6265.120 0.5475085            NA            NA                    0.22                       NA
      9400      -6265.503 0.5475775            NA            NA                    0.35                       NA
      9500      -6265.565 0.5473498            NA            NA                    0.19                       NA
      9600      -6267.865 0.5472148            NA            NA                    0.23                       NA
      9700      -6263.235 0.5472127            NA            NA                    0.29                       NA
      9800      -6263.486 0.5470502            NA            NA                    0.34                       NA
      9900      -6268.520 0.5472250            NA            NA                    0.34                       NA
     10000      -6265.206 0.5472746            NA            NA                    0.27                       NA
