Model Name:	Error Components	
Number of individuals:	5000	
Number of observations:	20000	
Number of preliminary iterations:	5000	
Number of draws used per individual:	5000	
Random Seed:	1987	
Total iterations:	10000	
Degrees of Freedom:	5	
Number of parameters:	3	


Random parameters estimated (Distribution): 
Bx ( N )
By ( N )
EC ( N )


Prior Variance-Covariance Matrix:
   Bx By EC
Bx  2  0  0
By  0  2  0
EC  0  0  2

Estimated:	NULL	
----------------------------------------------------------- 
 Iteration Log-Likelihood       RLH Parameter RMS Avg. Variance Acceptance Rate (Fixed) Acceptance Rate (Normal)
         1     -19653.329 0.3905911     0.2661141    0.07216558                      NA                   0.4192
       100     -11454.349 0.5994923     0.5147077    0.28881999                      NA                   0.2828
       200     -10851.243 0.6197525     0.6131528    0.40113316                      NA                   0.3178
       300     -10375.937 0.6331940     0.7062489    0.53156194                      NA                   0.2974
       400      -9347.867 0.6629169     0.9538467    0.95479211                      NA                   0.3014
       500      -8401.680 0.6940009     1.3384649    1.80534833                      NA                   0.3004
       600      -8042.319 0.7064194     1.5736265    2.49694279                      NA                   0.3126
       700      -7388.777 0.7269144     1.7546059    3.11259901                      NA                   0.2796
       800      -7410.733 0.7285884     1.7946805    3.27611318                      NA                   0.2936
       900      -7390.305 0.7286912     1.7984219    3.30488821                      NA                   0.3014
      1000      -7143.692 0.7367747     1.8560187    3.51801163                      NA                   0.3048
      1100      -7311.718 0.7308271     1.8580111    3.47069641                      NA                   0.2896
      1200      -7459.021 0.7263050     1.8142972    3.35801196                      NA                   0.2750
      1300      -7283.924 0.7313455     1.8277448    3.34793903                      NA                   0.3038
      1400      -7181.469 0.7360387     1.9032008    3.71873670                      NA                   0.2854
      1500      -7125.004 0.7383956     1.9685771    3.96674310                      NA                   0.2986
      1600      -7105.931 0.7389770     1.9860471    3.97328827                      NA                   0.2846
      1700      -7250.503 0.7347339     1.9288074    3.81347591                      NA                   0.3036
      1800      -7441.251 0.7281346     1.9164154    3.73829425                      NA                   0.3056
      1900      -7079.134 0.7388199     1.9695457    3.95395266                      NA                   0.2940
      2000      -7124.061 0.7374822     1.9349124    3.77220819                      NA                   0.3040
      2100      -7233.824 0.7329951     1.8999075    3.69414870                      NA                   0.3074
      2200      -7293.620 0.7324894     1.8900392    3.61565277                      NA                   0.3168
      2300      -7231.251 0.7340704     1.8878501    3.62674573                      NA                   0.2738
      2400      -7514.939 0.7246801     1.7810331    3.24182330                      NA                   0.3146
      2500      -7565.621 0.7243090     1.7980411    3.28309337                      NA                   0.2860
      2600      -7438.026 0.7270466     1.8217315    3.39024143                      NA                   0.3390
      2700      -7283.378 0.7323317     1.8458716    3.48475968                      NA                   0.2970
      2800      -7452.284 0.7265492     1.8492164    3.45576850                      NA                   0.3180
      2900      -7408.997 0.7285358     1.8605692    3.48277163                      NA                   0.3030
      3000      -7432.437 0.7270018     1.8103134    3.30360108                      NA                   0.3020
      3100      -7439.599 0.7266339     1.7700734    3.19370153                      NA                   0.2772
      3200      -7265.955 0.7317976     1.8773335    3.54381265                      NA                   0.2968
      3300      -7192.944 0.7354978     1.8946431    3.63905009                      NA                   0.3068
      3400      -7357.173 0.7311684     1.8911857    3.68365523                      NA                   0.3242
      3500      -7306.089 0.7324939     1.8697365    3.57060197                      NA                   0.2934
      3600      -7311.646 0.7315567     1.8604356    3.53661098                      NA                   0.3080
      3700      -7206.094 0.7351738     1.8740579    3.54040000                      NA                   0.2784
      3800      -7341.762 0.7304407     1.8178707    3.35672655                      NA                   0.3034
      3900      -7295.113 0.7306795     1.8310812    3.35622836                      NA                   0.3048
      4000      -7356.284 0.7298687     1.8334194    3.42197856                      NA                   0.2908
      4100      -7565.754 0.7221853     1.7654792    3.21446118                      NA                   0.2888
      4200      -7461.816 0.7252214     1.7637846    3.14310118                      NA                   0.3010
      4300      -7489.093 0.7240744     1.7365988    3.03957098                      NA                   0.2970
      4400      -7549.811 0.7245736     1.7812393    3.24777312                      NA                   0.3194
      4500      -7253.550 0.7344539     1.8760495    3.55257713                      NA                   0.2954
      4600      -7197.826 0.7356307     1.8744866    3.55001542                      NA                   0.3194
      4700      -7179.943 0.7361267     1.8328163    3.43645978                      NA                   0.3174
      4800      -7154.556 0.7356251     1.8951755    3.64058714                      NA                   0.3170
      4900      -7325.618 0.7318253     1.8473622    3.44685815                      NA                   0.2904
      5000      -7256.241 0.7336882     1.8642732    3.51199362                      NA                   0.3146
      5100      -7431.485 0.7269727     1.7898191    3.24146576                      NA                   0.2860
      5200      -7361.556 0.7303293     1.8663404    3.52871178                      NA                   0.3208
      5300      -7356.253 0.7299161     1.8597812    3.48319533                      NA                   0.3196
      5400      -7224.917 0.7343831     1.8553362    3.52557169                      NA                   0.3050
      5500      -7284.767 0.7313063     1.8335785    3.39694368                      NA                   0.3114
      5600      -7351.567 0.7305971     1.8645271    3.48120604                      NA                   0.2900
      5700      -7459.088 0.7263740     1.7856201    3.24570520                      NA                   0.2756
      5800      -7441.109 0.7273320     1.7983144    3.26688713                      NA                   0.2966
      5900      -7226.720 0.7341305     1.9069270    3.72074799                      NA                   0.3168
      6000      -7284.760 0.7322233     1.9116152    3.75578874                      NA                   0.2870
      6100      -7213.547 0.7349264     1.9270324    3.75868581                      NA                   0.3106
      6200      -7422.547 0.7278512     1.8210387    3.33038256                      NA                   0.3128
      6300      -7308.793 0.7308411     1.8294535    3.43358826                      NA                   0.2856
      6400      -7262.646 0.7322329     1.8321866    3.39692898                      NA                   0.3342
      6500      -7127.798 0.7372117     1.9110680    3.73093879                      NA                   0.2822
      6600      -7311.314 0.7326897     1.8958761    3.64923186                      NA                   0.2878
      6700      -7403.877 0.7288015     1.8633822    3.51413467                      NA                   0.3132
      6800      -7300.998 0.7325340     1.9009327    3.64474247                      NA                   0.3054
      6900      -7190.966 0.7363934     1.9330283    3.75718158                      NA                   0.2794
      7000      -7201.176 0.7353223     1.8738242    3.60432697                      NA                   0.3180
      7100      -7146.406 0.7363333     1.9220742    3.82938997                      NA                   0.2824
      7200      -7403.843 0.7291760     1.7949999    3.31950479                      NA                   0.2914
      7300      -7413.940 0.7268345     1.8019229    3.31454390                      NA                   0.2916
      7400      -7514.023 0.7243415     1.7562637    3.12362372                      NA                   0.3148
      7500      -7563.348 0.7232025     1.8071860    3.30531770                      NA                   0.2994
      7600      -7331.325 0.7314667     1.9167094    3.73891103                      NA                   0.3068
      7700      -7405.211 0.7290893     1.8537383    3.52836980                      NA                   0.3146
      7800      -7453.662 0.7282411     1.8415629    3.42545896                      NA                   0.2746
      7900      -7262.554 0.7323109     1.8512393    3.44752706                      NA                   0.2992
      8000      -7467.154 0.7261279     1.8209261    3.40598596                      NA                   0.3016
      8100      -7421.837 0.7288209     1.8029618    3.26979227                      NA                   0.2848
      8200      -7322.895 0.7306388     1.8507770    3.47005514                      NA                   0.2748
      8300      -7455.060 0.7270460     1.8087897    3.29024896                      NA                   0.2904
      8400      -7421.514 0.7290173     1.8597462    3.43985765                      NA                   0.2930
      8500      -7266.733 0.7332237     1.8761376    3.59058100                      NA                   0.3148
      8600      -7108.463 0.7385128     1.9236203    3.76154976                      NA                   0.3006
      8700      -7285.498 0.7332229     1.8831613    3.59542320                      NA                   0.3092
      8800      -7117.933 0.7385815     1.9450269    3.77948972                      NA                   0.3136
      8900      -7236.159 0.7352738     1.9587837    3.88526792                      NA                   0.2944
      9000      -7248.644 0.7345446     1.9247220    3.73401666                      NA                   0.3182
      9100      -7072.450 0.7396613     1.9731331    3.94824644                      NA                   0.3096
      9200      -7087.308 0.7382147     1.9440565    3.84371936                      NA                   0.2912
      9300      -7325.808 0.7298578     1.8636508    3.53655320                      NA                   0.3180
      9400      -7402.482 0.7281615     1.8408215    3.45552216                      NA                   0.3042
      9500      -7246.226 0.7344528     1.8791436    3.58630204                      NA                   0.2974
      9600      -7379.703 0.7303993     1.8720910    3.55116461                      NA                   0.2760
      9700      -7118.114 0.7380320     1.8828802    3.61071973                      NA                   0.2922
      9800      -7239.020 0.7344359     1.9084035    3.73806412                      NA                   0.3102
      9900      -7203.777 0.7350913     1.9380582    3.82565782                      NA                   0.3058
     10000      -7080.447 0.7392929     1.9448916    3.78351593                      NA                   0.3178
