Model Name:	MNL_lognormal	
Number of individuals:	5000	
Number of observations:	20000	
Number of preliminary iterations:	5000	
Number of draws used per individual:	5000	
Random Seed:	1987	
Total iterations:	10000	
Degrees of Freedom:	5	
Number of parameters:	2	


Random parameters estimated (Distribution): 
Bx ( LN+ )
By ( LN- )


Prior Variance-Covariance Matrix:
   Bx By
Bx  2  0
By  0  2

Estimated:	NULL	
----------------------------------------------------------- 
 Iteration Log-Likelihood       RLH Parameter RMS Avg. Variance Acceptance Rate (Fixed) Acceptance Rate (Normal)
         1     -19059.056 0.3868735    0.06082466    0.00681093                      NA                   0.9010
       100      -7213.001 0.7274469    2.36514960    5.74453884                      NA                   0.3146
       200      -6199.442 0.7663070    1.60347802    3.11110600                      NA                   0.2894
       300      -6053.567 0.7738495    1.84347180    4.24669378                      NA                   0.3028
       400      -5788.760 0.7838943    2.26565248    6.30112401                      NA                   0.3236
       500      -5665.826 0.7877511    2.44152628    7.49359696                      NA                   0.2978
       600      -5686.202 0.7877290    2.58865585    8.31380125                      NA                   0.3006
       700      -5532.224 0.7933598    2.87929459    9.99826094                      NA                   0.3078
       800      -5498.095 0.7934722    2.98323903   10.81080778                      NA                   0.3178
       900      -5551.491 0.7920216    2.99754364   11.12293878                      NA                   0.3314
      1000      -5557.503 0.7917556    3.20256301   12.26915001                      NA                   0.3106
      1100      -5529.681 0.7936856    3.09631908   11.99979525                      NA                   0.2970
      1200      -5500.578 0.7939972    3.38584180   13.69157630                      NA                   0.3140
      1300      -5501.806 0.7937398    3.11568967   11.84992082                      NA                   0.2900
      1400      -5460.039 0.7954313    3.33572335   13.38552990                      NA                   0.2936
      1500      -5353.508 0.7995306    3.68826796   16.57614014                      NA                   0.3020
      1600      -5481.726 0.7940293    3.29245377   13.16072165                      NA                   0.2874
      1700      -5425.672 0.7972795    3.60609336   15.78432343                      NA                   0.3040
      1800      -5478.176 0.7943735    2.98331314   11.11276039                      NA                   0.3294
      1900      -5576.571 0.7912279    3.11281797   11.90498810                      NA                   0.3214
      2000      -5513.557 0.7939316    3.17909084   12.48425722                      NA                   0.2928
      2100      -5576.758 0.7915627    3.32283804   13.37706504                      NA                   0.3172
      2200      -5447.727 0.7963122    3.73562711   16.50418397                      NA                   0.3150
      2300      -5438.428 0.7964312    3.58912442   15.53473573                      NA                   0.3108
      2400      -5428.477 0.7979145    3.83907748   18.14542408                      NA                   0.3188
      2500      -5440.462 0.7963310    3.50671243   15.03603211                      NA                   0.2962
      2600      -5383.216 0.7998451    3.83097962   17.74363044                      NA                   0.2706
      2700      -5444.060 0.7974946    3.55390062   15.21404942                      NA                   0.2930
      2800      -5543.716 0.7924464    3.04270742   11.38608838                      NA                   0.2810
      2900      -5510.007 0.7936737    3.17999499   12.51941989                      NA                   0.3006
      3000      -5457.132 0.7960300    3.60117565   15.58971611                      NA                   0.3048
      3100      -5410.641 0.7976237    3.60026687   15.40294340                      NA                   0.2968
      3200      -5377.913 0.7981969    3.68486129   16.37085581                      NA                   0.3146
      3300      -5457.661 0.7959764    3.54056835   14.92469111                      NA                   0.3244
      3400      -5498.281 0.7951298    3.24552674   12.86610139                      NA                   0.3070
      3500      -5581.585 0.7911192    3.04037005   11.37349228                      NA                   0.3190
      3600      -5464.522 0.7957127    3.08908648   11.51322699                      NA                   0.3044
      3700      -5561.678 0.7913280    3.03008195   11.10117226                      NA                   0.2990
      3800      -5482.946 0.7950264    3.20898076   12.36731495                      NA                   0.3144
      3900      -5538.607 0.7917699    2.90372254   10.43521785                      NA                   0.3028
      4000      -5399.864 0.7970168    3.26444152   13.21517743                      NA                   0.3000
      4100      -5540.288 0.7920470    3.03671271   11.45969575                      NA                   0.2986
      4200      -5606.114 0.7907180    2.92336401   10.66356844                      NA                   0.3368
      4300      -5592.356 0.7911215    2.73122190    9.24156203                      NA                   0.2860
      4400      -5591.268 0.7906986    2.83595100    9.82644164                      NA                   0.2922
      4500      -5688.519 0.7891316    2.82907282    9.84896228                      NA                   0.3108
      4600      -5530.071 0.7927590    2.94730964   10.81818399                      NA                   0.2886
      4700      -5483.644 0.7951925    3.49238589   14.47330020                      NA                   0.2828
      4800      -5529.063 0.7929443    3.35977562   13.79105340                      NA                   0.3170
      4900      -5483.645 0.7947473    3.21994092   12.89658526                      NA                   0.2912
      5000      -5478.564 0.7951253    3.15059766   12.06984410                      NA                   0.2750
      5100      -5588.020 0.7918653    2.70742098    9.36540226                      NA                   0.3136
      5200      -5657.536 0.7887130    2.87623269   10.13273287                      NA                   0.2978
      5300      -5658.456 0.7895703    3.18535041   12.25215648                      NA                   0.3072
      5400      -5646.224 0.7893247    2.78531685    9.47012997                      NA                   0.2996
      5500      -5596.715 0.7905527    2.75552761    9.34402465                      NA                   0.3200
      5600      -5688.693 0.7877401    2.82118820    9.63866712                      NA                   0.3096
      5700      -5667.839 0.7871762    2.86162494    9.98733630                      NA                   0.2972
      5800      -5499.269 0.7940594    3.13227282   11.85926948                      NA                   0.2966
      5900      -5394.873 0.7976506    3.37802744   13.89187861                      NA                   0.3078
      6000      -5492.081 0.7945808    3.55725356   15.15115647                      NA                   0.2916
      6100      -5473.589 0.7958602    3.09599843   11.74402139                      NA                   0.3154
      6200      -5427.259 0.7965720    3.49277853   15.05751192                      NA                   0.2784
      6300      -5637.049 0.7883325    2.85357700   10.10716816                      NA                   0.2818
      6400      -5538.624 0.7922242    3.21102593   12.30539777                      NA                   0.3056
      6500      -5614.736 0.7896722    3.15360982   12.01409085                      NA                   0.2982
      6600      -5435.548 0.7967780    3.21404292   12.56330816                      NA                   0.3142
      6700      -5457.421 0.7957853    3.53635950   15.27033224                      NA                   0.2774
      6800      -5388.965 0.7990718    3.99503649   19.12054423                      NA                   0.3092
      6900      -5455.191 0.7960939    3.60627134   15.42417876                      NA                   0.3236
      7000      -5502.885 0.7942781    3.21388935   12.67622156                      NA                   0.2910
      7100      -5487.841 0.7945163    3.38903770   13.68051849                      NA                   0.2846
      7200      -5574.498 0.7922247    3.24138441   12.85185419                      NA                   0.2956
      7300      -5506.839 0.7942609    3.07621627   11.62355346                      NA                   0.2904
      7400      -5500.312 0.7947582    3.26426516   12.91260769                      NA                   0.3114
      7500      -5614.076 0.7904476    2.82054224   10.05985818                      NA                   0.3030
      7600      -5473.742 0.7939220    3.17025381   12.30734293                      NA                   0.2924
      7700      -5394.397 0.7978738    3.76999251   17.10702314                      NA                   0.2918
      7800      -5539.349 0.7936321    3.37785534   14.34047814                      NA                   0.2834
      7900      -5560.373 0.7913903    2.84090403    9.91713518                      NA                   0.2842
      8000      -5550.519 0.7922540    3.12735613   12.10719037                      NA                   0.3084
      8100      -5466.863 0.7947688    3.26842071   12.90104091                      NA                   0.3116
      8200      -5475.312 0.7949834    3.06402121   11.46934756                      NA                   0.3252
      8300      -5333.595 0.8000486    3.76825912   16.90515996                      NA                   0.2910
      8400      -5531.001 0.7933011    3.06690511   11.45824872                      NA                   0.3130
      8500      -5566.382 0.7928817    3.09704432   11.47944503                      NA                   0.2930
      8600      -5563.337 0.7919390    3.12711366   11.76187655                      NA                   0.3112
      8700      -5448.934 0.7960496    3.09230131   11.65874106                      NA                   0.2812
      8800      -5607.553 0.7902680    2.74058170    9.28157379                      NA                   0.3048
      8900      -5482.044 0.7946927    3.23099887   12.79932684                      NA                   0.3194
      9000      -5462.459 0.7957195    3.02591779   11.54002240                      NA                   0.2938
      9100      -5537.373 0.7937949    3.18040087   12.65790878                      NA                   0.3106
      9200      -5540.898 0.7928402    3.32581338   13.27918587                      NA                   0.2896
      9300      -5490.960 0.7954624    3.40036444   13.89070721                      NA                   0.3054
      9400      -5372.977 0.7989940    3.54801473   15.60512228                      NA                   0.2930
      9500      -5453.621 0.7966916    3.64898462   16.22798860                      NA                   0.2956
      9600      -5386.998 0.7983479    3.59467333   15.64027523                      NA                   0.2846
      9700      -5470.619 0.7955484    3.70953009   16.39747240                      NA                   0.2844
      9800      -5527.782 0.7935087    3.55400984   14.97531986                      NA                   0.2998
      9900      -5605.130 0.7908166    3.40754976   13.67131553                      NA                   0.2890
     10000      -5562.429 0.7928592    3.11375814   11.86849826                      NA                   0.3042
