Model Name:	MNL	
Number of individuals:	1138	
Number of observations:	10242	
Number of preliminary iterations:	5000	
Number of draws used per individual:	5000	
Random Seed:	1987	
Total iterations:	10000	
Degrees of Freedom:	5	
Number of parameters:	3	


Random parameters estimated (Distribution): 
ASC1 ( N )
BTime ( N )
BCost ( N )


Prior Variance-Covariance Matrix:
      ASC1 BTime BCost
ASC1     2     0     0
BTime    0     2     0
BCost    0     0     2

Estimated:	NULL	
----------------------------------------------------------- 
 Iteration Log-Likelihood       RLH Parameter RMS Avg. Variance Acceptance Rate (Fixed) Acceptance Rate (Normal)
         1      -5990.294 0.5717986     0.2597953     0.0679757                      NA                0.3725835
       100      -4129.345 0.6919838     0.3295253     0.1180225                      NA                0.3084359
       200      -4124.782 0.6916991     0.3975320     0.1690480                      NA                0.2671353
       300      -4103.721 0.6940250     0.4089870     0.1885596                      NA                0.3286467
       400      -4120.678 0.6935189     0.4485793     0.2403873                      NA                0.3233743
       500      -4111.764 0.6935741     0.4924299     0.3135867                      NA                0.3040422
       600      -4102.746 0.6933799     0.4900604     0.3078706                      NA                0.2741652
       700      -4067.679 0.6963924     0.5343336     0.3791815                      NA                0.2899824
       800      -4070.350 0.6947079     0.5949608     0.4810261                      NA                0.3128295
       900      -4062.240 0.6964629     0.6279675     0.5327452                      NA                0.2785589
      1000      -4104.335 0.6944903     0.6697066     0.6209888                      NA                0.2908612
      1100      -4051.124 0.6979936     0.7036289     0.6878077                      NA                0.3356766
      1200      -4065.933 0.6962598     0.7220987     0.7122954                      NA                0.3224956
      1300      -4030.839 0.6980435     0.7887786     0.8730197                      NA                0.2803163
      1400      -4033.188 0.6989333     0.7965593     0.8814260                      NA                0.3093146
      1500      -4074.523 0.6957257     0.7803853     0.8316192                      NA                0.2926186
      1600      -4024.288 0.6976259     0.7790317     0.8447130                      NA                0.2715290
      1700      -3981.271 0.7011870     0.8055809     0.9017227                      NA                0.2952548
      1800      -4040.856 0.6975408     0.8194519     0.9423167                      NA                0.2847100
      1900      -4042.089 0.6971751     0.8027927     0.9010153                      NA                0.2794376
      2000      -4040.770 0.6984451     0.8131430     0.9003774                      NA                0.3040422
      2100      -4050.815 0.6975934     0.7891483     0.8183942                      NA                0.2873462
      2200      -4072.908 0.6954155     0.8126131     0.8595140                      NA                0.3330404
      2300      -4045.376 0.6976604     0.7812129     0.8182384                      NA                0.3154657
      2400      -4031.278 0.6986575     0.8159144     0.8762290                      NA                0.3189807
      2500      -4066.842 0.6960090     0.8104396     0.8792321                      NA                0.3022847
      2600      -4063.614 0.6966884     0.8062617     0.8801321                      NA                0.3163445
      2700      -4035.084 0.6984930     0.7485059     0.7598358                      NA                0.3137083
      2800      -4010.705 0.6990564     0.7495400     0.7673903                      NA                0.3277680
      2900      -4035.538 0.6984943     0.7867740     0.8396751                      NA                0.2943761
      3000      -4056.990 0.6968734     0.7193034     0.7059118                      NA                0.3163445
      3100      -4050.970 0.6971582     0.7703905     0.7959674                      NA                0.3119508
      3200      -4090.114 0.6949649     0.7739327     0.8339422                      NA                0.2978910
      3300      -4044.265 0.6977729     0.7630669     0.7693747                      NA                0.3110721
      3400      -4044.718 0.6971267     0.7761350     0.8293103                      NA                0.3040422
      3500      -4058.433 0.6978478     0.7878184     0.8561505                      NA                0.3137083
      3600      -4040.298 0.6973333     0.7322140     0.7345747                      NA                0.2934974
      3700      -4072.019 0.6959614     0.7150328     0.6794563                      NA                0.3022847
      3800      -4050.276 0.6967959     0.7301343     0.7193206                      NA                0.2855888
      3900      -4042.187 0.6981716     0.7302017     0.7190534                      NA                0.2926186
      4000      -4033.899 0.6982489     0.7383010     0.7323091                      NA                0.3260105
      4100      -4047.427 0.6975634     0.7462176     0.7436138                      NA                0.3207381
      4200      -4077.308 0.6957628     0.7625129     0.7872252                      NA                0.3145870
      4300      -4089.122 0.6950740     0.7739091     0.8092452                      NA                0.2785589
      4400      -4053.958 0.6969443     0.7862442     0.8423239                      NA                0.2803163
      4500      -4004.098 0.6996657     0.7357011     0.7486302                      NA                0.2469244
      4600      -4088.755 0.6951010     0.7800646     0.8382021                      NA                0.3031634
      4700      -4020.954 0.6991754     0.8700091     1.0567558                      NA                0.2908612
      4800      -4000.287 0.7004447     0.8560218     1.0197940                      NA                0.3066784
      4900      -4003.572 0.7003603     0.8090339     0.8836729                      NA                0.2952548
      5000      -3972.240 0.7026696     0.8035347     0.8649215                      NA                0.3137083
      5100      -4012.080 0.6995740     0.8464304     0.9298330                      NA                0.2811951
      5200      -4023.499 0.6983531     0.8934966     0.9966547                      NA                0.3242531
      5300      -4052.301 0.6978161     0.8601886     0.9105910                      NA                0.3031634
      5400      -4028.482 0.6981941     0.8299276     0.8657746                      NA                0.3075571
      5500      -4048.001 0.6973033     0.9135345     1.0293721                      NA                0.2961336
      5600      -4023.868 0.6983187     0.8538707     0.9281050                      NA                0.3365554
      5700      -4074.109 0.6953604     0.8252994     0.8582420                      NA                0.3347979
      5800      -4060.164 0.6960299     0.8587812     0.9279756                      NA                0.2996485
      5900      -4015.074 0.6988319     0.8296253     0.8695831                      NA                0.3022847
      6000      -4057.821 0.6962832     0.7839332     0.7881184                      NA                0.2732865
      6100      -4019.471 0.6988653     0.7866094     0.8138994                      NA                0.3101933
      6200      -4037.706 0.6979460     0.8108594     0.8774698                      NA                0.2847100
      6300      -4045.994 0.6965194     0.8233350     0.8940921                      NA                0.3049209
      6400      -4085.058 0.6941643     0.8189786     0.9113791                      NA                0.2873462
      6500      -4048.032 0.6971204     0.8448125     0.9706600                      NA                0.2636204
      6600      -4015.733 0.6994208     0.8124237     0.9128585                      NA                0.2970123
      6700      -4070.111 0.6966100     0.8167932     0.9063751                      NA                0.3110721
      6800      -4046.723 0.6968818     0.8038504     0.8849661                      NA                0.3031634
      6900      -3993.072 0.7004240     0.9033758     1.0926153                      NA                0.3321617
      7000      -4062.436 0.6966839     0.9013431     1.0849644                      NA                0.3145870
      7100      -4022.425 0.6988170     0.9155009     1.0731209                      NA                0.2952548
      7200      -3994.973 0.7000371     0.9010791     1.0588363                      NA                0.2926186
      7300      -4066.054 0.6962887     0.8664700     0.9435516                      NA                0.3128295
      7400      -3992.102 0.7005879     0.9179109     1.1020021                      NA                0.2847100
      7500      -4026.950 0.6987469     0.9032829     1.0620929                      NA                0.3110721
      7600      -4048.906 0.6968857     0.9568924     1.2444746                      NA                0.3014060
      7700      -4018.375 0.6991257     0.9365992     1.2007998                      NA                0.3040422
      7800      -4025.015 0.6990899     0.9004654     1.1067699                      NA                0.3005272
      7900      -3954.839 0.7040527     0.9623663     1.2468131                      NA                0.3049209
      8000      -3980.224 0.7023436     0.9047939     1.0788974                      NA                0.2908612
      8100      -4001.157 0.7002446     0.9179183     1.1685299                      NA                0.2899824
      8200      -3953.519 0.7035973     0.9212463     1.1734413                      NA                0.2934974
      8300      -3976.981 0.7016699     0.9378585     1.2256670                      NA                0.2820738
      8400      -4040.170 0.6978203     0.9145214     1.1584041                      NA                0.3057996
      8500      -4010.445 0.6996896     0.9283328     1.1706271                      NA                0.3066784
      8600      -3961.691 0.7023010     0.9419936     1.2089342                      NA                0.3093146
      8700      -3962.775 0.7033347     0.9263185     1.1433319                      NA                0.3057996
      8800      -3991.072 0.7015513     1.0270348     1.4545547                      NA                0.3014060
      8900      -3986.961 0.7006777     0.9806863     1.3458981                      NA                0.2996485
      9000      -4021.336 0.7007241     1.0345249     1.5019787                      NA                0.2653779
      9100      -4003.724 0.7004155     0.9141025     1.1657473                      NA                0.2838313
      9200      -4000.522 0.7006509     0.9493003     1.2503757                      NA                0.2829525
      9300      -4040.574 0.6988443     0.9107057     1.1367446                      NA                0.3163445
      9400      -4049.188 0.6970927     0.9176256     1.1643958                      NA                0.3031634
      9500      -4060.281 0.6965985     0.8455994     0.9729886                      NA                0.3005272
      9600      -4022.167 0.6991912     0.8455989     0.9664239                      NA                0.2952548
      9700      -4031.123 0.6990463     0.8375851     0.9649323                      NA                0.3321617
      9800      -4017.013 0.7000902     0.8173818     0.8974276                      NA                0.3268893
      9900      -4007.702 0.6999662     0.8264212     0.9387277                      NA                0.3040422
     10000      -4024.268 0.6985952     0.7556380     0.7726281                      NA                0.3207381
