Model Name:	MNL_constrained	
Number of individuals:	219	
Number of observations:	2628	
Number of preliminary iterations:	5000	
Number of draws used per individual:	5000	
Random Seed:	1987	
Total iterations:	10000	
Degrees of Freedom:	5	
Number of parameters:	8	


Random parameters estimated (Distribution): 
brand2 ( N )
brand3 ( N )
brand4 ( N )
brand5 ( N )
price2 ( N )
price3 ( N )
price4 ( N )
price5 ( N )

Constraints applied to random parameters (param1 - inequality - param2):
brand2 < 0 
brand3 < price2 
brand4 < price3 
brand5 < price4 

Prior Variance-Covariance Matrix:
       brand2 brand3 brand4 brand5 price2 price3 price4 price5
brand2      2      0      0      0      0      0      0      0
brand3      0      2      0      0      0      0      0      0
brand4      0      0      2      0      0      0      0      0
brand5      0      0      0      2      0      0      0      0
price2      0      0      0      0      2      0      0      0
price3      0      0      0      0      0      2      0      0
price4      0      0      0      0      0      0      2      0
price5      0      0      0      0      0      0      0      2

Estimated:	NULL	
----------------------------------------------------------- 
 Iteration Log-Likelihood       RLH Parameter RMS Avg. Variance Acceptance Rate (Fixed) Acceptance Rate (Normal)
         1      -2768.812 0.3501927      0.337405    0.09349476                      NA                0.5936073
       250      -1666.029 0.5376627      1.497042    1.75739066                      NA                0.2876712
       500      -1540.654 0.5654038      1.767841    2.25952950                      NA                0.3150685
       750      -1523.472 0.5708328      2.119404    3.22991708                      NA                0.3196347
      1000      -1462.523 0.5843164      2.239133    3.41776544                      NA                0.3059361
      1250      -1474.894 0.5818830      2.277268    3.17620679                      NA                0.3105023
      1500      -1492.038 0.5806812      2.450365    3.91146279                      NA                0.2785388
      1750      -1477.973 0.5837971      2.583894    3.88124840                      NA                0.2922374
      2000      -1479.257 0.5821298      2.590259    3.74592722                      NA                0.3287671
      2250      -1435.181 0.5920005      2.391876    3.58759489                      NA                0.3607306
      2500      -1474.092 0.5837493      2.359783    3.59880597                      NA                0.2831050
      2750      -1455.054 0.5881108      2.476967    3.56374917                      NA                0.3059361
      3000      -1471.322 0.5842455      2.589671    3.79279123                      NA                0.3013699
      3250      -1454.061 0.5885532      2.795851    4.60110389                      NA                0.3013699
      3500      -1464.513 0.5867969      2.840679    4.75227211                      NA                0.3470320
      3750      -1456.703 0.5883635      3.037771    5.49915999                      NA                0.2876712
      4000      -1465.612 0.5877063      2.939523    4.65146547                      NA                0.3424658
      4250      -1465.675 0.5863020      2.830411    4.71508879                      NA                0.3196347
      4500      -1462.010 0.5863716      2.893917    5.05117254                      NA                0.2237443
      4750      -1458.629 0.5901718      2.955995    4.99907038                      NA                0.2694064
      5000      -1426.398 0.5959957      2.988620    5.28192379                      NA                0.2831050
      5250      -1459.218 0.5882968      3.023357    4.88137910                      NA                0.2785388
      5500      -1459.502 0.5875969      2.794410    4.37140829                      NA                0.3013699
      5750      -1470.617 0.5847957      2.680890    4.37846656                      NA                0.3013699
      6000      -1481.796 0.5820467      2.571352    4.18452087                      NA                0.3150685
      6250      -1478.534 0.5799232      2.575292    3.83117792                      NA                0.3926941
      6500      -1491.291 0.5792372      2.407058    3.71487611                      NA                0.2831050
      6750      -1497.342 0.5793993      2.556922    4.00192072                      NA                0.2694064
      7000      -1448.063 0.5887226      2.507959    3.87982454                      NA                0.3242009
      7250      -1474.571 0.5824617      2.533072    3.82808367                      NA                0.3378995
      7500      -1476.558 0.5832118      2.606100    3.93962549                      NA                0.3698630
      7750      -1487.098 0.5801962      2.564520    4.11851848                      NA                0.2785388
      8000      -1490.467 0.5818025      2.724174    4.51915618                      NA                0.3059361
      8250      -1446.825 0.5909234      2.758675    4.62840352                      NA                0.2739726
      8500      -1444.357 0.5919812      2.944111    5.21840213                      NA                0.2968037
      8750      -1472.918 0.5850562      2.993210    5.17031377                      NA                0.2968037
      9000      -1469.286 0.5855970      2.851511    4.48714370                      NA                0.2876712
      9250      -1466.279 0.5859043      2.682755    4.05405375                      NA                0.3698630
      9500      -1469.596 0.5857267      2.749457    4.03724548                      NA                0.3242009
      9750      -1447.871 0.5912266      2.770575    4.44284689                      NA                0.3470320
     10000      -1425.814 0.5930525      2.786042    4.26355368                      NA                0.3881279
