Model Name:	Linear_Regression	
Number of individuals:	1000	
Number of observations:	1000	
Number of preliminary iterations:	5000	
Number of draws used per individual:	5000	
Random Seed:	1987	
Total iterations:	10000	
Degrees of Freedom:	5	
Number of parameters:	3	

Fixed parameters estimated:
B0
Bx1
Bx2




-----------------------------------------------------------

 Iteration Log-Likelihood        RLH Parameter RMS Avg. Variance Acceptance Rate (Fixed) Acceptance Rate (Normal)
         1      -2464.749 0.09659022            NA            NA                    0.00                       NA
       100      -2372.811 0.10599081            NA            NA                    0.57                       NA
       200      -2165.276 0.13097957            NA            NA                    0.64                       NA
       300      -1945.809 0.16384827            NA            NA                    0.62                       NA
       400      -1762.443 0.19863083            NA            NA                    0.60                       NA
       500      -1603.364 0.23241409            NA            NA                    0.56                       NA
       600      -1480.255 0.26300475            NA            NA                    0.55                       NA
       700      -1455.032 0.27024535            NA            NA                    0.67                       NA
       800      -1452.664 0.27076130            NA            NA                    0.68                       NA
       900      -1450.716 0.27152190            NA            NA                    0.74                       NA
      1000      -1454.703 0.27018350            NA            NA                    0.85                       NA
      1100      -1453.724 0.27108430            NA            NA                    0.79                       NA
      1200      -1450.789 0.27169048            NA            NA                    0.83                       NA
      1300      -1450.642 0.27169764            NA            NA                    0.80                       NA
      1400      -1452.733 0.27096752            NA            NA                    0.82                       NA
      1500      -1452.245 0.27136087            NA            NA                    0.78                       NA
      1600      -1451.702 0.27129674            NA            NA                    0.80                       NA
      1700      -1451.389 0.27131147            NA            NA                    0.80                       NA
      1800      -1451.175 0.27162988            NA            NA                    0.82                       NA
      1900      -1450.768 0.27168473            NA            NA                    0.71                       NA
      2000      -1450.711 0.27165779            NA            NA                    0.69                       NA
      2100      -1450.847 0.27146695            NA            NA                    0.85                       NA
      2200      -1451.784 0.27137306            NA            NA                    0.78                       NA
      2300      -1451.061 0.27157155            NA            NA                    0.77                       NA
      2400      -1453.094 0.27119391            NA            NA                    0.76                       NA
      2500      -1451.016 0.27163998            NA            NA                    0.72                       NA
      2600      -1451.635 0.27154346            NA            NA                    0.74                       NA
      2700      -1451.447 0.27130173            NA            NA                    0.79                       NA
      2800      -1452.423 0.27112071            NA            NA                    0.70                       NA
      2900      -1451.729 0.27118984            NA            NA                    0.63                       NA
      3000      -1451.215 0.27157258            NA            NA                    0.83                       NA
      3100      -1453.492 0.27120386            NA            NA                    0.73                       NA
      3200      -1451.315 0.27162702            NA            NA                    0.83                       NA
      3300      -1452.243 0.27110202            NA            NA                    0.66                       NA
      3400      -1456.519 0.27000066            NA            NA                    0.77                       NA
      3500      -1452.205 0.27115642            NA            NA                    0.68                       NA
      3600      -1451.826 0.27134293            NA            NA                    0.74                       NA
      3700      -1450.538 0.27162264            NA            NA                    0.75                       NA
      3800      -1451.055 0.27147688            NA            NA                    0.75                       NA
      3900      -1450.891 0.27155733            NA            NA                    0.70                       NA
      4000      -1453.491 0.27051018            NA            NA                    0.76                       NA
      4100      -1450.864 0.27147108            NA            NA                    0.74                       NA
      4200      -1451.404 0.27144154            NA            NA                    0.69                       NA
      4300      -1453.343 0.27062734            NA            NA                    0.67                       NA
      4400      -1452.963 0.27095846            NA            NA                    0.69                       NA
      4500      -1450.963 0.27166038            NA            NA                    0.65                       NA
      4600      -1451.284 0.27129773            NA            NA                    0.79                       NA
      4700      -1450.828 0.27147815            NA            NA                    0.73                       NA
      4800      -1451.683 0.27120157            NA            NA                    0.69                       NA
      4900      -1453.528 0.27049677            NA            NA                    0.74                       NA
      5000      -1451.791 0.27149791            NA            NA                    0.66                       NA
      5100      -1453.411 0.27104013            NA            NA                    0.67                       NA
      5200      -1454.629 0.27041242            NA            NA                    0.54                       NA
      5300      -1450.865 0.27141315            NA            NA                    0.57                       NA
      5400      -1455.727 0.27004090            NA            NA                    0.75                       NA
      5500      -1453.626 0.27084642            NA            NA                    0.60                       NA
      5600      -1451.575 0.27113425            NA            NA                    0.70                       NA
      5700      -1451.286 0.27152053            NA            NA                    0.62                       NA
      5800      -1450.879 0.27165732            NA            NA                    0.64                       NA
      5900      -1452.839 0.27093426            NA            NA                    0.71                       NA
      6000      -1451.296 0.27123827            NA            NA                    0.66                       NA
      6100      -1450.657 0.27166121            NA            NA                    0.65                       NA
      6200      -1450.496 0.27162220            NA            NA                    0.68                       NA
      6300      -1451.749 0.27125734            NA            NA                    0.70                       NA
      6400      -1451.572 0.27158979            NA            NA                    0.66                       NA
      6500      -1452.236 0.27128578            NA            NA                    0.63                       NA
      6600      -1451.685 0.27151850            NA            NA                    0.70                       NA
      6700      -1451.463 0.27140424            NA            NA                    0.63                       NA
      6800      -1450.880 0.27156759            NA            NA                    0.60                       NA
      6900      -1452.907 0.27070121            NA            NA                    0.62                       NA
      7000      -1453.069 0.27104685            NA            NA                    0.62                       NA
      7100      -1453.494 0.27050291            NA            NA                    0.51                       NA
      7200      -1450.892 0.27155192            NA            NA                    0.65                       NA
      7300      -1453.369 0.27100801            NA            NA                    0.59                       NA
      7400      -1451.222 0.27140483            NA            NA                    0.64                       NA
      7500      -1452.666 0.27117067            NA            NA                    0.63                       NA
      7600      -1451.080 0.27146200            NA            NA                    0.60                       NA
      7700      -1453.812 0.27048495            NA            NA                    0.57                       NA
      7800      -1453.302 0.27099458            NA            NA                    0.63                       NA
      7900      -1450.925 0.27149736            NA            NA                    0.61                       NA
      8000      -1455.940 0.26994275            NA            NA                    0.71                       NA
      8100      -1450.997 0.27135208            NA            NA                    0.69                       NA
      8200      -1450.661 0.27161864            NA            NA                    0.60                       NA
      8300      -1450.834 0.27143559            NA            NA                    0.64                       NA
      8400      -1450.644 0.27155774            NA            NA                    0.65                       NA
      8500      -1452.160 0.27131017            NA            NA                    0.60                       NA
      8600      -1450.652 0.27157520            NA            NA                    0.67                       NA
      8700      -1450.973 0.27154782            NA            NA                    0.66                       NA
      8800      -1451.167 0.27153904            NA            NA                    0.55                       NA
      8900      -1450.813 0.27148598            NA            NA                    0.55                       NA
      9000      -1455.666 0.26980766            NA            NA                    0.52                       NA
      9100      -1451.894 0.27142108            NA            NA                    0.67                       NA
      9200      -1451.718 0.27109861            NA            NA                    0.55                       NA
      9300      -1451.987 0.27119256            NA            NA                    0.66                       NA
      9400      -1453.283 0.27120057            NA            NA                    0.65                       NA
      9500      -1451.339 0.27136326            NA            NA                    0.60                       NA
      9600      -1451.270 0.27148434            NA            NA                    0.56                       NA
      9700      -1451.561 0.27133745            NA            NA                    0.60                       NA
      9800      -1451.609 0.27141440            NA            NA                    0.55                       NA
      9900      -1452.436 0.27134368            NA            NA                    0.54                       NA
     10000      -1450.457 0.27167642            NA            NA                    0.59                       NA
