Model Name:	Nested_Logit	
Number of individuals:	5000	
Number of observations:	20000	
Number of preliminary iterations:	5000	
Number of draws used per individual:	5000	
Random Seed:	1987	
Total iterations:	10000	
Degrees of Freedom:	5	
Number of parameters:	4	

Fixed parameters estimated:
lambda1
lambda2

Random parameters estimated (Distribution): 
Bx ( N )
By ( N )


Prior Variance-Covariance Matrix:
   Bx By
Bx  2  0
By  0  2

Estimated:	NULL	
----------------------------------------------------------- 
 Iteration Log-Likelihood       RLH Parameter RMS Avg. Variance Acceptance Rate (Fixed) Acceptance Rate (Normal)
         1     -23944.967 0.3254672     0.2480860    0.06513361                    0.00                   0.3678
       100      -8725.081 0.6831127     0.7530510    0.68063057                    0.57                   0.3044
       200      -8383.568 0.6974010     0.9498311    1.10241732                    0.61                   0.2998
       300      -8267.534 0.7031157     1.0514482    1.31679165                    0.56                   0.2918
       400      -8299.490 0.7032073     1.0989250    1.42140106                    0.63                   0.2976
       500      -8202.771 0.7055920     1.0920554    1.43044499                    0.70                   0.3134
       600      -8136.157 0.7075106     1.0993509    1.45795208                    0.63                   0.3252
       700      -8188.928 0.7060595     1.1038364    1.46392349                    0.62                   0.3244
       800      -8221.041 0.7037954     1.0583337    1.34979231                    0.56                   0.3016
       900      -8198.773 0.7059373     1.1063454    1.46552791                    0.61                   0.3130
      1000      -8302.090 0.7027540     1.0633001    1.29462077                    0.66                   0.2948
      1100      -8266.256 0.7034536     1.0769328    1.37701722                    0.56                   0.3084
      1200      -8281.612 0.7036149     1.0859216    1.39528425                    0.64                   0.2972
      1300      -8298.256 0.7037801     1.1326652    1.58011091                    0.57                   0.2686
      1400      -8146.521 0.7075795     1.1403618    1.56810660                    0.62                   0.3200
      1500      -8130.636 0.7075587     1.1078497    1.46004719                    0.60                   0.2998
      1600      -8206.801 0.7055660     1.0865812    1.42858683                    0.59                   0.2920
      1700      -8116.015 0.7095027     1.1404792    1.52400779                    0.62                   0.3324
      1800      -8242.152 0.7061678     1.1318949    1.51728764                    0.56                   0.2990
      1900      -8138.462 0.7069420     1.0911199    1.45097155                    0.65                   0.2950
      2000      -8340.249 0.7017336     1.0669417    1.36358728                    0.63                   0.2820
      2100      -8256.754 0.7043692     1.0804877    1.40812582                    0.62                   0.2882
      2200      -8254.414 0.7035640     1.0763788    1.38499605                    0.54                   0.3086
      2300      -8166.600 0.7075676     1.1357473    1.51215247                    0.60                   0.3144
      2400      -8100.407 0.7098123     1.1102049    1.44870874                    0.56                   0.3122
      2500      -8230.334 0.7058592     1.1286313    1.52264618                    0.57                   0.3160
      2600      -8226.580 0.7054220     1.0688022    1.32312332                    0.59                   0.3100
      2700      -8117.941 0.7079271     1.1068772    1.46974163                    0.60                   0.2788
      2800      -8188.268 0.7059559     1.0832865    1.41775500                    0.53                   0.3086
      2900      -8264.372 0.7036755     1.0776822    1.39568465                    0.49                   0.2748
      3000      -8175.314 0.7074317     1.0984645    1.46378332                    0.61                   0.3026
      3100      -8138.116 0.7073986     1.0986872    1.47259921                    0.61                   0.2978
      3200      -8237.791 0.7042179     1.0414567    1.29022035                    0.52                   0.2962
      3300      -8189.753 0.7050824     1.0575736    1.29567549                    0.66                   0.2968
      3400      -8223.654 0.7044561     1.0659311    1.35091019                    0.59                   0.3094
      3500      -8131.880 0.7074909     1.0709220    1.32831249                    0.48                   0.3190
      3600      -8239.128 0.7047621     1.0778765    1.38086028                    0.51                   0.3088
      3700      -8340.854 0.7004477     1.0685823    1.31971587                    0.59                   0.3110
      3800      -8221.648 0.7053757     1.0887887    1.39748385                    0.57                   0.3076
      3900      -8174.061 0.7060938     1.0760673    1.38476852                    0.52                   0.2864
      4000      -8108.064 0.7084171     1.0985082    1.43684677                    0.44                   0.2958
      4100      -8220.615 0.7054749     1.0730499    1.35749121                    0.46                   0.3220
      4200      -8170.591 0.7063466     1.0607516    1.33087956                    0.50                   0.2894
      4300      -8214.600 0.7049373     1.0799051    1.38580815                    0.52                   0.2838
      4400      -8167.123 0.7076355     1.1119942    1.47247732                    0.53                   0.3112
      4500      -8215.275 0.7058041     1.0962627    1.44662071                    0.49                   0.2966
      4600      -8197.148 0.7079001     1.1481642    1.59591890                    0.55                   0.2970
      4700      -8005.672 0.7125411     1.1505192    1.53950477                    0.52                   0.3058
      4800      -8224.469 0.7062278     1.1075198    1.50190781                    0.50                   0.2922
      4900      -8109.829 0.7081988     1.1148805    1.48568891                    0.57                   0.3114
      5000      -8203.872 0.7062277     1.1166904    1.51099402                    0.56                   0.3044
      5100      -8224.918 0.7040411     1.0569789    1.35257691                    0.49                   0.3000
      5200      -8213.913 0.7062031     1.0748031    1.38850860                    0.45                   0.3100
      5300      -8340.765 0.7012158     1.0709051    1.35515258                    0.38                   0.2928
      5400      -8187.946 0.7069541     1.0961521    1.45986341                    0.51                   0.3160
      5500      -8190.779 0.7059907     1.0966192    1.40404137                    0.49                   0.2950
      5600      -8133.244 0.7078072     1.1092745    1.49366781                    0.42                   0.3134
      5700      -8335.025 0.7019394     1.0836344    1.41737664                    0.46                   0.2968
      5800      -8069.981 0.7099257     1.1232388    1.53100406                    0.46                   0.3154
      5900      -8141.988 0.7081869     1.0988700    1.44090148                    0.42                   0.3154
      6000      -8160.996 0.7066307     1.1152853    1.47372260                    0.48                   0.3100
      6100      -8226.551 0.7056556     1.0892366    1.44289946                    0.52                   0.2854
      6200      -8186.463 0.7061994     1.1055656    1.47374537                    0.49                   0.2660
      6300      -8042.599 0.7113154     1.1063632    1.45116563                    0.40                   0.3088
      6400      -8249.798 0.7045191     1.1205370    1.47273549                    0.48                   0.2932
      6500      -8146.311 0.7083524     1.1284989    1.50950670                    0.45                   0.2846
      6600      -8143.817 0.7071331     1.0994136    1.45796431                    0.51                   0.2960
      6700      -8121.514 0.7083175     1.0954149    1.44152416                    0.41                   0.2988
      6800      -8212.744 0.7057602     1.1123585    1.46661325                    0.39                   0.2770
      6900      -8137.809 0.7074537     1.1251578    1.49636105                    0.36                   0.3068
      7000      -8100.883 0.7096297     1.0920052    1.41809693                    0.38                   0.3222
      7100      -8185.472 0.7054699     1.0440252    1.28921703                    0.39                   0.3086
      7200      -8247.099 0.7043286     1.0617254    1.34071877                    0.39                   0.2890
      7300      -8314.212 0.7034343     1.1043846    1.48960919                    0.35                   0.3002
      7400      -8245.367 0.7044479     1.0950999    1.48622982                    0.47                   0.2918
      7500      -8082.530 0.7105917     1.1367622    1.53775618                    0.42                   0.3100
      7600      -8199.874 0.7060575     1.1191133    1.49095718                    0.38                   0.2942
      7700      -8139.450 0.7079742     1.1144247    1.47635857                    0.44                   0.3190
      7800      -8150.978 0.7079625     1.1106269    1.49563513                    0.37                   0.3082
      7900      -8174.153 0.7076754     1.1080246    1.45919131                    0.34                   0.3050
      8000      -8264.856 0.7037909     1.1022870    1.44104585                    0.34                   0.2998
      8100      -8281.242 0.7030517     1.1047905    1.44727604                    0.46                   0.2772
      8200      -8091.706 0.7100933     1.1091704    1.47337022                    0.36                   0.2864
      8300      -8259.655 0.7040899     1.0865561    1.39839518                    0.34                   0.3078
      8400      -8225.477 0.7047791     1.1016374    1.44770607                    0.40                   0.3170
      8500      -8134.103 0.7078766     1.1008683    1.47534057                    0.41                   0.3158
      8600      -8145.390 0.7086480     1.0945653    1.41015918                    0.38                   0.2872
      8700      -8156.498 0.7074640     1.1126899    1.50376136                    0.34                   0.2794
      8800      -8274.872 0.7037366     1.0951040    1.44218146                    0.35                   0.2868
      8900      -8173.279 0.7060821     1.0843811    1.42572460                    0.45                   0.2846
      9000      -8222.338 0.7071289     1.1313079    1.53229601                    0.29                   0.2650
      9100      -8323.629 0.7030694     1.1035423    1.44500177                    0.29                   0.3016
      9200      -8178.981 0.7062042     1.0902235    1.43654897                    0.29                   0.2984
      9300      -8120.849 0.7085852     1.1157927    1.47612413                    0.27                   0.2852
      9400      -8290.275 0.7035758     1.1044194    1.44743605                    0.34                   0.3044
      9500      -8087.340 0.7088749     1.0939049    1.40439015                    0.32                   0.3222
      9600      -8248.879 0.7038494     1.0661837    1.36232833                    0.36                   0.2952
      9700      -8216.491 0.7053543     1.0892187    1.41790004                    0.34                   0.2828
      9800      -8167.703 0.7073894     1.1017309    1.44038426                    0.39                   0.3146
      9900      -8260.954 0.7043570     1.1088458    1.45144411                    0.25                   0.3356
     10000      -8164.116 0.7063388     1.0749046    1.37091770                    0.34                   0.3100
