Model Name:	MNL_wtpspace	
Number of individuals:	5000	
Number of observations:	20000	
Number of preliminary iterations:	5000	
Number of draws used per individual:	5000	
Random Seed:	1987	
Total iterations:	10000	
Degrees of Freedom:	5	
Number of parameters:	2	


Random parameters estimated (Distribution): 
wtp1 ( N )
price ( LN- )


Prior Variance-Covariance Matrix:
      wtp1 price
wtp1     2     0
price    0     2

Estimated:	NULL	
----------------------------------------------------------- 
 Iteration Log-Likelihood       RLH Parameter RMS Avg. Variance Acceptance Rate (Fixed) Acceptance Rate (Normal)
         1      -12232.15 0.5517478     0.4153730     0.1829316                      NA                   0.8492
       100      -11520.58 0.5748606     0.6453832     0.7538378                      NA                   0.2960
       200      -10985.77 0.5948710     1.0457852     1.9330618                      NA                   0.3070
       300      -10854.91 0.5987052     1.3242178     2.8451837                      NA                   0.2904
       400      -10795.33 0.6008192     1.4160950     3.1704019                      NA                   0.3306
       500      -10821.58 0.5989964     1.4810229     3.3498255                      NA                   0.2884
       600      -10848.58 0.5982428     1.5726348     3.6590132                      NA                   0.3276
       700      -10798.14 0.5993025     1.6163825     3.8156972                      NA                   0.2980
       800      -10799.20 0.5989100     1.6607999     3.9670381                      NA                   0.3222
       900      -10824.62 0.5975965     1.6909815     4.0572322                      NA                   0.3208
      1000      -10845.74 0.5972947     1.7743157     4.3725835                      NA                   0.2922
      1100      -10799.82 0.5989749     1.7843719     4.4350903                      NA                   0.2980
      1200      -10849.33 0.5969751     1.7746966     4.3617549                      NA                   0.3012
      1300      -10834.78 0.5973597     1.7784707     4.3758931                      NA                   0.2898
      1400      -10791.34 0.5991689     1.8286604     4.5982341                      NA                   0.3046
      1500      -10857.48 0.5967672     1.8316020     4.5760388                      NA                   0.2956
      1600      -10878.73 0.5956571     1.8797650     4.7532554                      NA                   0.3086
      1700      -10924.36 0.5951178     1.8460362     4.6417374                      NA                   0.3180
      1800      -10980.29 0.5926355     1.8599953     4.6336357                      NA                   0.3038
      1900      -10930.73 0.5945259     1.9080212     4.8585872                      NA                   0.2956
      2000      -10899.57 0.5952195     1.8868945     4.7932219                      NA                   0.3032
      2100      -10885.44 0.5953894     1.8627820     4.6613879                      NA                   0.2988
      2200      -10878.49 0.5955568     1.8991172     4.8530443                      NA                   0.3068
      2300      -10892.42 0.5953358     1.9113592     4.9019830                      NA                   0.2878
      2400      -10829.34 0.5974783     1.8859354     4.8202634                      NA                   0.2860
      2500      -10880.65 0.5960254     1.9120575     4.9048754                      NA                   0.2892
      2600      -10803.96 0.5986163     1.8965505     4.8634172                      NA                   0.2934
      2700      -10863.07 0.5969431     1.8624709     4.7235452                      NA                   0.3066
      2800      -10920.83 0.5952972     1.8226774     4.5391925                      NA                   0.2878
      2900      -10902.40 0.5954788     1.7861034     4.3755102                      NA                   0.2880
      3000      -10932.66 0.5947168     1.8107718     4.4877080                      NA                   0.3084
      3100      -10920.78 0.5945948     1.8916398     4.8084325                      NA                   0.2976
      3200      -10922.74 0.5956984     1.8644990     4.7250758                      NA                   0.2934
      3300      -10937.46 0.5941243     1.8579811     4.6356952                      NA                   0.2992
      3400      -10883.70 0.5953111     1.8382152     4.5457333                      NA                   0.3230
      3500      -10936.61 0.5936668     1.8624067     4.6405061                      NA                   0.3020
      3600      -10930.37 0.5942431     1.8324610     4.5482342                      NA                   0.3258
      3700      -10946.33 0.5932068     1.7993013     4.3734003                      NA                   0.3148
      3800      -10933.17 0.5939993     1.8375867     4.5514855                      NA                   0.2960
      3900      -10915.03 0.5948161     1.8081136     4.4561413                      NA                   0.2960
      4000      -10922.37 0.5946023     1.8326154     4.5535209                      NA                   0.2884
      4100      -10895.88 0.5952190     1.7875272     4.3808711                      NA                   0.2900
      4200      -10887.03 0.5955190     1.7795641     4.3558597                      NA                   0.3108
      4300      -10958.81 0.5934204     1.8101452     4.4523722                      NA                   0.3142
      4400      -10915.30 0.5944963     1.7837411     4.3665718                      NA                   0.2790
      4500      -10937.01 0.5936948     1.8112711     4.4794028                      NA                   0.2900
      4600      -10913.06 0.5944677     1.8191513     4.5105701                      NA                   0.3108
      4700      -10915.93 0.5960271     1.8342002     4.6515075                      NA                   0.2892
      4800      -10919.12 0.5949293     1.7843860     4.3961999                      NA                   0.3048
      4900      -10894.14 0.5947930     1.7778042     4.3159691                      NA                   0.3022
      5000      -10854.52 0.5966566     1.7690695     4.3296187                      NA                   0.2778
      5100      -10887.01 0.5956037     1.7999299     4.4275040                      NA                   0.3042
      5200      -10922.13 0.5951173     1.8144088     4.4856454                      NA                   0.2930
      5300      -10944.62 0.5946824     1.7901879     4.4046439                      NA                   0.3092
      5400      -10978.78 0.5934558     1.8401900     4.5785331                      NA                   0.3254
      5500      -10896.04 0.5960222     1.8242636     4.5500867                      NA                   0.2948
      5600      -10936.93 0.5937799     1.7985785     4.3933396                      NA                   0.3096
      5700      -10876.83 0.5967478     1.7919221     4.4309293                      NA                   0.2942
      5800      -10892.30 0.5951155     1.7974322     4.3886680                      NA                   0.2826
      5900      -10886.19 0.5959383     1.9160552     4.9057217                      NA                   0.2998
      6000      -10867.66 0.5966698     1.8739233     4.7456315                      NA                   0.3214
      6100      -10872.19 0.5959917     1.8781522     4.7416648                      NA                   0.3172
      6200      -10877.99 0.5956256     1.8920908     4.7975173                      NA                   0.3116
      6300      -10937.59 0.5931626     1.9111738     4.8537627                      NA                   0.2922
      6400      -10911.17 0.5947203     1.9075537     4.8635342                      NA                   0.2984
      6500      -10891.26 0.5957562     1.8844093     4.7981724                      NA                   0.2816
      6600      -10924.15 0.5952736     1.8911797     4.8526084                      NA                   0.3056
      6700      -10922.99 0.5946015     1.9122269     4.8880742                      NA                   0.2942
      6800      -10900.77 0.5953882     1.9292861     4.9639760                      NA                   0.3202
      6900      -10909.06 0.5948124     1.9409720     4.9832902                      NA                   0.2956
      7000      -10881.67 0.5964173     1.9292926     4.9572110                      NA                   0.2728
      7100      -10895.36 0.5952008     1.8570763     4.6304549                      NA                   0.3244
      7200      -10862.57 0.5973995     1.8365143     4.6031497                      NA                   0.2952
      7300      -10887.18 0.5959690     1.8128412     4.4729194                      NA                   0.2850
      7400      -10811.24 0.5989358     1.8371046     4.6206280                      NA                   0.3036
      7500      -10796.30 0.5983769     1.8728455     4.6951105                      NA                   0.2904
      7600      -10794.83 0.5988736     1.8861307     4.7805707                      NA                   0.2994
      7700      -10750.96 0.6000254     1.9363466     5.0032174                      NA                   0.3124
      7800      -10816.04 0.5984108     1.8643649     4.6746314                      NA                   0.2848
      7900      -10858.88 0.5972744     1.9318349     4.9888580                      NA                   0.3126
      8000      -10811.15 0.5980541     1.8973904     4.8011321                      NA                   0.2878
      8100      -10787.37 0.5988801     1.8694376     4.7094576                      NA                   0.3164
      8200      -10808.89 0.5981904     1.9313079     4.9684824                      NA                   0.3052
      8300      -10764.01 0.6000376     1.9899117     5.2436206                      NA                   0.2882
      8400      -10782.80 0.5987012     1.9627280     5.0001826                      NA                   0.3044
      8500      -10840.09 0.5968836     2.0716398     5.4502941                      NA                   0.3026
      8600      -10886.84 0.5957296     2.0993255     5.6144181                      NA                   0.2928
      8700      -10860.66 0.5958016     2.0599156     5.4108710                      NA                   0.3028
      8800      -10888.20 0.5952856     1.9710353     5.0297650                      NA                   0.2880
      8900      -10899.43 0.5947057     1.9849336     5.0945099                      NA                   0.3210
      9000      -10847.04 0.5969813     2.0045358     5.1983467                      NA                   0.2998
      9100      -10834.80 0.5980306     1.9377173     4.9392790                      NA                   0.2856
      9200      -10843.31 0.5974254     1.9271736     4.9069253                      NA                   0.3004
      9300      -10907.00 0.5960460     1.8717805     4.7263943                      NA                   0.2932
      9400      -10903.03 0.5960012     1.8154321     4.4972015                      NA                   0.3012
      9500      -10862.01 0.5971439     1.8557963     4.6786774                      NA                   0.2948
      9600      -10872.01 0.5968348     1.8556990     4.6470990                      NA                   0.3116
      9700      -10825.76 0.5980734     1.8728689     4.7281673                      NA                   0.2994
      9800      -10858.76 0.5975052     1.9065983     4.8789094                      NA                   0.2886
      9900      -10853.72 0.5966726     1.9280410     4.9141104                      NA                   0.2972
     10000      -10857.89 0.5962392     1.9640103     5.0522881                      NA                   0.2930
