Model Name:	Latent_Class	
Number of individuals:	135	
Number of observations:	1215	
Number of preliminary iterations:	5000	
Number of draws used per individual:	5000	
Random Seed:	1987	
Total iterations:	10000	
Degrees of Freedom:	5	
Number of parameters:	11	

Fixed parameters estimated:
BBrand_2_class1
BBrand_3_class1
Bfeature_class1
Bprice*scale_class1
Bnone_class1
BBrand_2_class2
BBrand_3_class2
Bfeature_class2
Bprice*scale_class2
Bnone_class2
delta2




-----------------------------------------------------------

 Iteration Log-Likelihood       RLH Parameter RMS Avg. Variance Acceptance Rate (Fixed) Acceptance Rate (Normal)
         1      -1334.814 0.3333333            NA            NA                    0.00                       NA
       100      -1323.431 0.3373562            NA            NA                    0.77                       NA
       200      -1314.314 0.3404358            NA            NA                    0.85                       NA
       300      -1313.152 0.3406462            NA            NA                    0.79                       NA
       400      -1310.877 0.3416695            NA            NA                    0.84                       NA
       500      -1305.864 0.3429929            NA            NA                    0.84                       NA
       600      -1303.785 0.3432956            NA            NA                    0.84                       NA
       700      -1294.204 0.3474413            NA            NA                    0.80                       NA
       800      -1284.612 0.3489958            NA            NA                    0.75                       NA
       900      -1282.679 0.3509148            NA            NA                    0.78                       NA
      1000      -1277.520 0.3516444            NA            NA                    0.78                       NA
      1100      -1268.734 0.3553736            NA            NA                    0.86                       NA
      1200      -1267.964 0.3564841            NA            NA                    0.86                       NA
      1300      -1264.858 0.3554099            NA            NA                    0.75                       NA
      1400      -1255.308 0.3595870            NA            NA                    0.80                       NA
      1500      -1249.108 0.3629249            NA            NA                    0.76                       NA
      1600      -1230.750 0.3685014            NA            NA                    0.78                       NA
      1700      -1211.323 0.3751237            NA            NA                    0.69                       NA
      1800      -1190.699 0.3839379            NA            NA                    0.79                       NA
      1900      -1187.009 0.3840029            NA            NA                    0.78                       NA
      2000      -1177.937 0.3896201            NA            NA                    0.82                       NA
      2100      -1168.642 0.3942866            NA            NA                    0.79                       NA
      2200      -1154.050 0.3994932            NA            NA                    0.76                       NA
      2300      -1153.238 0.4003968            NA            NA                    0.84                       NA
      2400      -1144.868 0.4031723            NA            NA                    0.75                       NA
      2500      -1134.791 0.4058908            NA            NA                    0.89                       NA
      2600      -1130.091 0.4077412            NA            NA                    0.78                       NA
      2700      -1118.557 0.4118688            NA            NA                    0.82                       NA
      2800      -1110.892 0.4138304            NA            NA                    0.77                       NA
      2900      -1103.367 0.4182258            NA            NA                    0.86                       NA
      3000      -1105.343 0.4159961            NA            NA                    0.74                       NA
      3100      -1098.388 0.4185543            NA            NA                    0.79                       NA
      3200      -1089.790 0.4214387            NA            NA                    0.82                       NA
      3300      -1088.481 0.4215831            NA            NA                    0.81                       NA
      3400      -1090.888 0.4211970            NA            NA                    0.75                       NA
      3500      -1085.744 0.4242999            NA            NA                    0.83                       NA
      3600      -1079.543 0.4286459            NA            NA                    0.80                       NA
      3700      -1078.559 0.4291133            NA            NA                    0.74                       NA
      3800      -1079.151 0.4275659            NA            NA                    0.82                       NA
      3900      -1082.408 0.4280764            NA            NA                    0.74                       NA
      4000      -1078.263 0.4278811            NA            NA                    0.80                       NA
      4100      -1083.092 0.4250795            NA            NA                    0.75                       NA
      4200      -1079.586 0.4273285            NA            NA                    0.77                       NA
      4300      -1077.986 0.4311495            NA            NA                    0.74                       NA
      4400      -1077.319 0.4307778            NA            NA                    0.77                       NA
      4500      -1076.522 0.4298454            NA            NA                    0.78                       NA
      4600      -1077.787 0.4285751            NA            NA                    0.76                       NA
      4700      -1079.996 0.4299929            NA            NA                    0.80                       NA
      4800      -1076.733 0.4289913            NA            NA                    0.83                       NA
      4900      -1078.006 0.4264782            NA            NA                    0.81                       NA
      5000      -1076.986 0.4305211            NA            NA                    0.78                       NA
      5100      -1078.244 0.4297644            NA            NA                    0.72                       NA
      5200      -1078.216 0.4312244            NA            NA                    0.73                       NA
      5300      -1078.954 0.4292492            NA            NA                    0.71                       NA
      5400      -1077.494 0.4308797            NA            NA                    0.73                       NA
      5500      -1080.519 0.4297609            NA            NA                    0.73                       NA
      5600      -1080.563 0.4306385            NA            NA                    0.78                       NA
      5700      -1080.674 0.4306646            NA            NA                    0.74                       NA
      5800      -1077.181 0.4293408            NA            NA                    0.74                       NA
      5900      -1077.685 0.4304598            NA            NA                    0.70                       NA
      6000      -1076.334 0.4290117            NA            NA                    0.77                       NA
      6100      -1076.785 0.4289038            NA            NA                    0.74                       NA
      6200      -1080.811 0.4286681            NA            NA                    0.68                       NA
      6300      -1081.343 0.4319848            NA            NA                    0.63                       NA
      6400      -1080.880 0.4328281            NA            NA                    0.62                       NA
      6500      -1079.924 0.4314126            NA            NA                    0.59                       NA
      6600      -1076.596 0.4312925            NA            NA                    0.56                       NA
      6700      -1078.141 0.4261444            NA            NA                    0.70                       NA
      6800      -1076.488 0.4302335            NA            NA                    0.74                       NA
      6900      -1075.462 0.4300708            NA            NA                    0.75                       NA
      7000      -1074.867 0.4296332            NA            NA                    0.78                       NA
      7100      -1075.067 0.4299829            NA            NA                    0.78                       NA
      7200      -1076.854 0.4310978            NA            NA                    0.72                       NA
      7300      -1075.802 0.4301874            NA            NA                    0.73                       NA
      7400      -1075.864 0.4305260            NA            NA                    0.62                       NA
      7500      -1078.194 0.4274804            NA            NA                    0.65                       NA
      7600      -1077.739 0.4310762            NA            NA                    0.72                       NA
      7700      -1077.898 0.4301689            NA            NA                    0.74                       NA
      7800      -1083.045 0.4269027            NA            NA                    0.73                       NA
      7900      -1080.554 0.4267169            NA            NA                    0.56                       NA
      8000      -1078.598 0.4277356            NA            NA                    0.75                       NA
      8100      -1077.018 0.4308618            NA            NA                    0.74                       NA
      8200      -1075.520 0.4310401            NA            NA                    0.78                       NA
      8300      -1075.127 0.4316508            NA            NA                    0.74                       NA
      8400      -1074.909 0.4293149            NA            NA                    0.69                       NA
      8500      -1076.396 0.4293554            NA            NA                    0.71                       NA
      8600      -1075.907 0.4311143            NA            NA                    0.71                       NA
      8700      -1076.115 0.4310402            NA            NA                    0.68                       NA
      8800      -1075.247 0.4310393            NA            NA                    0.64                       NA
      8900      -1078.184 0.4282071            NA            NA                    0.73                       NA
      9000      -1076.445 0.4306213            NA            NA                    0.70                       NA
      9100      -1076.142 0.4275507            NA            NA                    0.67                       NA
      9200      -1076.385 0.4280914            NA            NA                    0.73                       NA
      9300      -1080.522 0.4275788            NA            NA                    0.68                       NA
      9400      -1076.939 0.4268404            NA            NA                    0.64                       NA
      9500      -1076.094 0.4300684            NA            NA                    0.70                       NA
      9600      -1077.266 0.4274334            NA            NA                    0.63                       NA
      9700      -1074.300 0.4296023            NA            NA                    0.68                       NA
      9800      -1075.313 0.4285871            NA            NA                    0.57                       NA
      9900      -1074.923 0.4290865            NA            NA                    0.67                       NA
     10000      -1074.841 0.4304670            NA            NA                    0.66                       NA
