Model Name:	Ordered_Probit	
Number of individuals:	5000	
Number of observations:	20000	
Number of preliminary iterations:	5000	
Number of draws used per individual:	5000	
Random Seed:	1987	
Total iterations:	10000	
Degrees of Freedom:	5	
Number of parameters:	4	

Fixed parameters estimated:
threshold1
threshold2

Random parameters estimated (Distribution): 
Bx ( N )
By ( N )


Prior Variance-Covariance Matrix:
   Bx By
Bx  2  0
By  0  2

Estimated:	NULL	
----------------------------------------------------------- 
 Iteration Log-Likelihood       RLH Parameter RMS Avg. Variance Acceptance Rate (Fixed) Acceptance Rate (Normal)
         1     -17024.826 0.4914234     0.2614738    0.06890326                    0.00                   0.3810
       100      -5861.358 0.7827858     0.4617253    0.20850416                    0.54                   0.2842
       200      -5022.045 0.8092007     0.6018240    0.39855443                    0.58                   0.3162
       300      -4544.728 0.8255405     0.7050374    0.57081074                    0.60                   0.2992
       400      -4183.860 0.8380433     0.7919544    0.70496517                    0.74                   0.2864
       500      -3937.629 0.8475649     0.8693901    0.85448215                    0.75                   0.2972
       600      -3757.177 0.8524017     0.9310429    1.02995900                    0.66                   0.2816
       700      -3670.766 0.8566469     0.9597962    1.08615505                    0.70                   0.2998
       800      -3480.233 0.8635177     0.9711818    1.08742966                    0.67                   0.3118
       900      -3596.067 0.8595758     1.0020370    1.17279729                    0.70                   0.2842
      1000      -3520.558 0.8623475     1.0111268    1.20464260                    0.83                   0.2994
      1100      -3447.280 0.8655310     1.0673489    1.35751144                    0.74                   0.3054
      1200      -3408.138 0.8668088     1.0715589    1.38828495                    0.76                   0.3040
      1300      -3364.717 0.8681806     1.1081188    1.48276016                    0.67                   0.3098
      1400      -3330.827 0.8693740     1.0884446    1.41551497                    0.77                   0.2826
      1500      -3264.586 0.8719280     1.1188267    1.53198121                    0.81                   0.2986
      1600      -3357.511 0.8681122     1.1083766    1.49546834                    0.83                   0.3086
      1700      -3337.311 0.8698411     1.1372588    1.51996818                    0.81                   0.3272
      1800      -3333.561 0.8693530     1.1122784    1.45246569                    0.76                   0.3060
      1900      -3266.877 0.8715633     1.1357944    1.51021656                    0.79                   0.3000
      2000      -3336.087 0.8695486     1.1203186    1.51503266                    0.77                   0.2962
      2100      -3189.380 0.8740765     1.1127791    1.47307021                    0.80                   0.2926
      2200      -3417.283 0.8675454     1.1152903    1.42495160                    0.74                   0.2900
      2300      -3365.904 0.8681394     1.1163769    1.45173314                    0.77                   0.2972
      2400      -3265.059 0.8718686     1.1182904    1.48651527                    0.77                   0.3070
      2500      -3248.979 0.8729023     1.1405710    1.52664023                    0.65                   0.3286
      2600      -3266.488 0.8720534     1.1384142    1.56975825                    0.72                   0.3110
      2700      -3193.292 0.8740901     1.1555655    1.64141528                    0.64                   0.3040
      2800      -3204.943 0.8745901     1.1682950    1.62517765                    0.70                   0.2980
      2900      -3249.804 0.8732421     1.1642900    1.61711419                    0.75                   0.2848
      3000      -3153.530 0.8755944     1.1900737    1.72539329                    0.75                   0.2952
      3100      -3128.922 0.8773303     1.2033422    1.68206446                    0.75                   0.3144
      3200      -3069.828 0.8794408     1.2651464    1.91967788                    0.73                   0.2936
      3300      -3077.350 0.8797554     1.2377203    1.84141982                    0.76                   0.3090
      3400      -3139.349 0.8775776     1.2563729    1.90917765                    0.72                   0.3102
      3500      -3152.021 0.8771153     1.2699278    1.94633214                    0.72                   0.3006
      3600      -3191.574 0.8745448     1.2138802    1.79644453                    0.68                   0.2856
      3700      -3235.337 0.8730356     1.1709155    1.62923871                    0.68                   0.3102
      3800      -3185.537 0.8755850     1.1889493    1.72870243                    0.69                   0.3306
      3900      -3097.230 0.8784988     1.2435818    1.83537352                    0.75                   0.2938
      4000      -3199.122 0.8751925     1.2158350    1.78639865                    0.70                   0.2972
      4100      -3112.388 0.8773938     1.2336846    1.87116248                    0.64                   0.2836
      4200      -3174.570 0.8749657     1.1984630    1.73191376                    0.76                   0.3212
      4300      -3099.714 0.8780654     1.2303483    1.84189240                    0.67                   0.2852
      4400      -3087.828 0.8788781     1.2603718    1.92692120                    0.74                   0.3132
      4500      -3180.090 0.8756221     1.2184789    1.76824105                    0.73                   0.2988
      4600      -3117.737 0.8777381     1.2301307    1.81306040                    0.70                   0.3008
      4700      -3096.882 0.8781670     1.2514104    1.89331724                    0.70                   0.3072
      4800      -3146.856 0.8761564     1.1818753    1.66428349                    0.73                   0.3034
      4900      -3179.208 0.8753339     1.1953176    1.72579611                    0.73                   0.3190
      5000      -3153.713 0.8770252     1.2193308    1.78245661                    0.73                   0.2944
      5100      -3162.927 0.8754529     1.1832274    1.69449251                    0.69                   0.3168
      5200      -3237.252 0.8732892     1.2016020    1.76935062                    0.64                   0.2992
      5300      -3163.891 0.8759038     1.2181324    1.76694442                    0.63                   0.3014
      5400      -3160.098 0.8755458     1.1886695    1.72364077                    0.61                   0.3008
      5500      -3088.805 0.8785120     1.2173339    1.76159364                    0.63                   0.3172
      5600      -3116.465 0.8773860     1.2202758    1.79401171                    0.70                   0.2938
      5700      -3176.887 0.8761691     1.2372856    1.83941418                    0.64                   0.2948
      5800      -3086.399 0.8790133     1.2622468    1.91749390                    0.67                   0.2798
      5900      -3028.283 0.8812750     1.2900993    1.95715328                    0.72                   0.2914
      6000      -3073.248 0.8796093     1.2809436    1.98841850                    0.68                   0.3008
      6100      -3052.332 0.8801508     1.2713013    1.97598432                    0.69                   0.2866
      6200      -3000.754 0.8819623     1.2884912    1.99420825                    0.69                   0.2952
      6300      -3113.893 0.8790264     1.2772490    1.95001622                    0.62                   0.2868
      6400      -3112.519 0.8781343     1.2588643    1.88043578                    0.59                   0.2802
      6500      -3145.745 0.8766676     1.2257393    1.83671584                    0.72                   0.2902
      6600      -3165.012 0.8757290     1.2411557    1.83289367                    0.71                   0.3078
      6700      -3177.505 0.8766564     1.2528921    1.87416681                    0.72                   0.3034
      6800      -3096.470 0.8789877     1.2606106    1.88696211                    0.67                   0.2810
      6900      -3133.657 0.8770162     1.2439307    1.91685982                    0.63                   0.2978
      7000      -3133.520 0.8770661     1.2163673    1.74502790                    0.66                   0.2942
      7100      -3137.799 0.8771160     1.1957598    1.70182885                    0.56                   0.3158
      7200      -3172.422 0.8763381     1.2378429    1.82905633                    0.57                   0.3024
      7300      -3171.576 0.8767683     1.2116694    1.74742289                    0.65                   0.3082
      7400      -3061.379 0.8793400     1.2144088    1.76404521                    0.71                   0.3092
      7500      -3199.665 0.8743314     1.2031838    1.73522652                    0.61                   0.3014
      7600      -3198.547 0.8748800     1.1956816    1.73557831                    0.59                   0.2902
      7700      -3177.982 0.8751530     1.1905838    1.67375653                    0.68                   0.3074
      7800      -3166.658 0.8752310     1.2160948    1.75671826                    0.70                   0.2924
      7900      -3238.550 0.8725961     1.1796280    1.67955877                    0.57                   0.3086
      8000      -3190.084 0.8748076     1.1683459    1.63460718                    0.58                   0.2796
      8100      -3298.341 0.8712917     1.1500774    1.63241402                    0.58                   0.3062
      8200      -3231.209 0.8736193     1.1244735    1.47631081                    0.62                   0.3194
      8300      -3160.254 0.8757316     1.1726563    1.69169241                    0.58                   0.2976
      8400      -3256.344 0.8731209     1.1601114    1.61691439                    0.54                   0.3144
      8500      -3382.196 0.8685833     1.1538984    1.61846932                    0.56                   0.3264
      8600      -3255.639 0.8724550     1.1753819    1.66182651                    0.55                   0.2984
      8700      -3216.158 0.8743860     1.1960562    1.72882091                    0.55                   0.3086
      8800      -3160.811 0.8757443     1.1609832    1.66870518                    0.62                   0.3006
      8900      -3303.308 0.8719531     1.1870801    1.68717037                    0.68                   0.2722
      9000      -3224.598 0.8736076     1.1825706    1.67356797                    0.52                   0.2792
      9100      -3149.903 0.8765272     1.1797232    1.64113646                    0.60                   0.3046
      9200      -3326.711 0.8698796     1.1384711    1.52958949                    0.57                   0.2926
      9300      -3250.503 0.8728783     1.1666250    1.60899855                    0.49                   0.3034
      9400      -3192.271 0.8748487     1.2207086    1.75453335                    0.58                   0.3098
      9500      -3138.451 0.8764584     1.2250813    1.85925275                    0.50                   0.2986
      9600      -3114.947 0.8778225     1.2372536    1.85044339                    0.62                   0.2998
      9700      -3123.888 0.8779754     1.2442355    1.89442405                    0.53                   0.3066
      9800      -3168.975 0.8760698     1.2187082    1.83585052                    0.47                   0.3026
      9900      -3230.369 0.8739117     1.2086476    1.73732118                    0.48                   0.3170
     10000      -3134.223 0.8772816     1.2049259    1.77751995                    0.48                   0.3206
